# JRE version: OpenJDK Runtime Environment (8.0_242-b01) (build 1.8.0_242-release-1644-b01)
# Java VM: OpenJDK 64-Bit Server VM (25.242-b01 mixed mode windows-amd64 compressed oops)
Heap:
 PSYoungGen      total 196608K, used 195434K [0x00000000d5580000, 0x00000000e2b00000, 0x0000000100000000)
  eden space 180736K, 99% used [0x00000000d5580000,0x00000000e0527c60,0x00000000e0600000)
  from space 15872K, 98% used [0x00000000e0b80000,0x00000000e1ab2f70,0x00000000e1b00000)
  to   space 16384K, 0% used [0x00000000e1b00000,0x00000000e1b00000,0x00000000e2b00000)
 ParOldGen       total 153600K, used 59900K [0x0000000080000000, 0x0000000089600000, 0x00000000d5580000)
  object space 153600K, 38% used [0x0000000080000000,0x0000000083a7f120,0x0000000089600000)
 Metaspace       used 92465K, capacity 97008K, committed 97112K, reserved 1132544K
  class space    used 12154K, capacity 13125K, committed 13184K, reserved 1048576K
GC Heap History (10 events):
Event: 75.320 GC heap before
{Heap before GC invocations=14 (full 3):
 PSYoungGen      total 120320K, used 6903K [0x00000000d5580000, 0x00000000e0580000, 0x0000000100000000)
  eden space 102912K, 0% used [0x00000000d5580000,0x00000000d5580000,0x00000000dba00000)
  from space 17408K, 39% used [0x00000000dba00000,0x00000000dc0bdc28,0x00000000dcb00000)
  to   space 16896K, 0% used [0x00000000df500000,0x00000000df500000,0x00000000e0580000)
 ParOldGen       total 100864K, used 35379K [0x0000000080000000, 0x0000000086280000, 0x00000000d5580000)
  object space 100864K, 35% used [0x0000000080000000,0x000000008228cc78,0x0000000086280000)
 Metaspace       used 56536K, capacity 58936K, committed 59028K, reserved 1099776K
  class space    used 7417K, capacity 7895K, committed 7936K, reserved 1048576K
Event: 75.485 GC heap after
Heap after GC invocations=14 (full 3):
 PSYoungGen      total 120320K, used 0K [0x00000000d5580000, 0x00000000e0580000, 0x0000000100000000)
  eden space 102912K, 0% used [0x00000000d5580000,0x00000000d5580000,0x00000000dba00000)
  from space 17408K, 0% used [0x00000000dba00000,0x00000000dba00000,0x00000000dcb00000)
  to   space 16896K, 0% used [0x00000000df500000,0x00000000df500000,0x00000000e0580000)
 ParOldGen       total 153600K, used 39301K [0x0000000080000000, 0x0000000089600000, 0x00000000d5580000)
  object space 153600K, 25% used [0x0000000080000000,0x00000000826616d0,0x0000000089600000)
 Metaspace       used 56427K, capacity 58648K, committed 59028K, reserved 1099776K
  class space    used 7386K, capacity 7856K, committed 7936K, reserved 1048576K
}
Event: 76.681 GC heap before
{Heap before GC invocations=15 (full 3):
 PSYoungGen      total 120320K, used 102912K [0x00000000d5580000, 0x00000000e0580000, 0x0000000100000000)
  eden space 102912K, 100% used [0x00000000d5580000,0x00000000dba00000,0x00000000dba00000)
  from space 17408K, 0% used [0x00000000dba00000,0x00000000dba00000,0x00000000dcb00000)
  to   space 16896K, 0% used [0x00000000df500000,0x00000000df500000,0x00000000e0580000)
 ParOldGen       total 153600K, used 39301K [0x0000000080000000, 0x0000000089600000, 0x00000000d5580000)
  object space 153600K, 25% used [0x0000000080000000,0x00000000826616d0,0x0000000089600000)
 Metaspace       used 64115K, capacity 66778K, committed 67032K, reserved 1107968K
  class space    used 8622K, capacity 9146K, committed 9216K, reserved 1048576K
Event: 76.689 GC heap after
Heap after GC invocations=15 (full 3):
 PSYoungGen      total 149504K, used 10274K [0x00000000d5580000, 0x00000000dff80000, 0x0000000100000000)
  eden space 138752K, 0% used [0x00000000d5580000,0x00000000d5580000,0x00000000ddd00000)
  from space 10752K, 95% used [0x00000000df500000,0x00000000dff089d8,0x00000000dff80000)
  to   space 16384K, 0% used [0x00000000ddf80000,0x00000000ddf80000,0x00000000def80000)
 ParOldGen       total 153600K, used 39309K [0x0000000080000000, 0x0000000089600000, 0x00000000d5580000)
  object space 153600K, 25% used [0x0000000080000000,0x00000000826636d0,0x0000000089600000)
 Metaspace       used 64115K, capacity 66778K, committed 67032K, reserved 1107968K
  class space    used 8622K, capacity 9146K, committed 9216K, reserved 1048576K
}
Event: 77.955 GC heap before
{Heap before GC invocations=16 (full 3):
 PSYoungGen      total 149504K, used 149026K [0x00000000d5580000, 0x00000000dff80000, 0x0000000100000000)
  eden space 138752K, 100% used [0x00000000d5580000,0x00000000ddd00000,0x00000000ddd00000)
  from space 10752K, 95% used [0x00000000df500000,0x00000000dff089d8,0x00000000dff80000)
  to   space 16384K, 0% used [0x00000000ddf80000,0x00000000ddf80000,0x00000000def80000)
 ParOldGen       total 153600K, used 39309K [0x0000000080000000, 0x0000000089600000, 0x00000000d5580000)
  object space 153600K, 25% used [0x0000000080000000,0x00000000826636d0,0x0000000089600000)
 Metaspace       used 72057K, capacity 75032K, committed 75224K, reserved 1114112K
  class space    used 9820K, capacity 10391K, committed 10496K, reserved 1048576K
Event: 77.965 GC heap after
Heap after GC invocations=16 (full 3):
 PSYoungGen      total 157696K, used 12368K [0x00000000d5580000, 0x00000000e2d80000, 0x0000000100000000)
  eden space 141312K, 0% used [0x00000000d5580000,0x00000000d5580000,0x00000000ddf80000)
  from space 16384K, 75% used [0x00000000ddf80000,0x00000000deb941b0,0x00000000def80000)
  to   space 16896K, 0% used [0x00000000e1d00000,0x00000000e1d00000,0x00000000e2d80000)
 ParOldGen       total 153600K, used 43849K [0x0000000080000000, 0x0000000089600000, 0x00000000d5580000)
  object space 153600K, 28% used [0x0000000080000000,0x0000000082ad25d0,0x0000000089600000)
 Metaspace       used 72057K, capacity 75032K, committed 75224K, reserved 1114112K
  class space    used 9820K, capacity 10391K, committed 10496K, reserved 1048576K
}
Event: 82.803 GC heap before
{Heap before GC invocations=17 (full 3):
 PSYoungGen      total 157696K, used 153680K [0x00000000d5580000, 0x00000000e2d80000, 0x0000000100000000)
  eden space 141312K, 100% used [0x00000000d5580000,0x00000000ddf80000,0x00000000ddf80000)
  from space 16384K, 75% used [0x00000000ddf80000,0x00000000deb941b0,0x00000000def80000)
  to   space 16896K, 0% used [0x00000000e1d00000,0x00000000e1d00000,0x00000000e2d80000)
 ParOldGen       total 153600K, used 43849K [0x0000000080000000, 0x0000000089600000, 0x00000000d5580000)
  object space 153600K, 28% used [0x0000000080000000,0x0000000082ad25d0,0x0000000089600000)
 Metaspace       used 80354K, capacity 84296K, committed 84440K, reserved 1122304K
  class space    used 10925K, capacity 11721K, committed 11776K, reserved 1048576K
Event: 82.816 GC heap after
Heap after GC invocations=17 (full 3):
 PSYoungGen      total 203264K, used 13810K [0x00000000d5580000, 0x00000000e2f00000, 0x0000000100000000)
  eden space 186368K, 0% used [0x00000000d5580000,0x00000000d5580000,0x00000000e0b80000)
  from space 16896K, 81% used [0x00000000e1d00000,0x00000000e2a7cbc8,0x00000000e2d80000)
  to   space 17920K, 0% used [0x00000000e0b80000,0x00000000e0b80000,0x00000000e1d00000)
 ParOldGen       total 153600K, used 50966K [0x0000000080000000, 0x0000000089600000, 0x00000000d5580000)
  object space 153600K, 33% used [0x0000000080000000,0x00000000831c5810,0x0000000089600000)
 Metaspace       used 80354K, capacity 84296K, committed 84440K, reserved 1122304K
  class space    used 10925K, capacity 11721K, committed 11776K, reserved 1048576K
}
Event: 2267.084 GC heap before
{Heap before GC invocations=18 (full 3):
 PSYoungGen      total 203264K, used 200178K [0x00000000d5580000, 0x00000000e2f00000, 0x0000000100000000)
  eden space 186368K, 100% used [0x00000000d5580000,0x00000000e0b80000,0x00000000e0b80000)
  from space 16896K, 81% used [0x00000000e1d00000,0x00000000e2a7cbc8,0x00000000e2d80000)
  to   space 17920K, 0% used [0x00000000e0b80000,0x00000000e0b80000,0x00000000e1d00000)
 ParOldGen       total 153600K, used 50966K [0x0000000080000000, 0x0000000089600000, 0x00000000d5580000)
  object space 153600K, 33% used [0x0000000080000000,0x00000000831c5810,0x0000000089600000)
 Metaspace       used 88856K, capacity 93220K, committed 93400K, reserved 1130496K
  class space    used 11799K, capacity 12695K, committed 12800K, reserved 1048576K
Event: 2267.105 GC heap after
Heap after GC invocations=18 (full 3):
 PSYoungGen      total 196608K, used 15563K [0x00000000d5580000, 0x00000000e2b00000, 0x0000000100000000)
  eden space 180736K, 0% used [0x00000000d5580000,0x00000000d5580000,0x00000000e0600000)
  from space 15872K, 98% used [0x00000000e0b80000,0x00000000e1ab2f70,0x00000000e1b00000)
  to   space 16384K, 0% used [0x00000000e1b00000,0x00000000e1b00000,0x00000000e2b00000)
 ParOldGen       total 153600K, used 59900K [0x0000000080000000, 0x0000000089600000, 0x00000000d5580000)
  object space 153600K, 38% used [0x0000000080000000,0x0000000083a7f120,0x0000000089600000)
 Metaspace       used 88856K, capacity 93220K, committed 93400K, reserved 1130496K
  class space    used 11799K, capacity 12695K, committed 12800K, reserved 1048576K
}

