# JRE version: OpenJDK Runtime Environment (8.0_242-b01) (build 1.8.0_242-release-1644-b01)
# Java VM: OpenJDK 64-Bit Server VM (25.242-b01 mixed mode windows-amd64 compressed oops)
Heap:
 PSYoungGen      total 327168K, used 176749K [0x00000000d5580000, 0x00000000ec300000, 0x0000000100000000)
  eden space 309248K, 57% used [0x00000000d5580000,0x00000000e021b700,0x00000000e8380000)
  from space 17920K, 0% used [0x00000000eb180000,0x00000000eb180000,0x00000000ec300000)
  to   space 27136K, 0% used [0x00000000e8e00000,0x00000000e8e00000,0x00000000ea880000)
 ParOldGen       total 246784K, used 61187K [0x0000000080000000, 0x000000008f100000, 0x00000000d5580000)
  object space 246784K, 24% used [0x0000000080000000,0x0000000083bc0de0,0x000000008f100000)
 Metaspace       used 98457K, capacity 104166K, committed 104344K, reserved 1140736K
  class space    used 12863K, capacity 13976K, committed 14000K, reserved 1048576K
GC Heap History (10 events):
Event: 215.729 GC heap before
{Heap before GC invocations=16 (full 3):
 PSYoungGen      total 312320K, used 310311K [0x00000000d5580000, 0x00000000ea880000, 0x0000000100000000)
  eden space 294912K, 100% used [0x00000000d5580000,0x00000000e7580000,0x00000000e7580000)
  from space 17408K, 88% used [0x00000000e9780000,0x00000000ea689e00,0x00000000ea880000)
  to   space 26112K, 0% used [0x00000000e7580000,0x00000000e7580000,0x00000000e8f00000)
 ParOldGen       total 173056K, used 64197K [0x0000000080000000, 0x000000008a900000, 0x00000000d5580000)
  object space 173056K, 37% used [0x0000000080000000,0x0000000083eb17a8,0x000000008a900000)
 Metaspace       used 81114K, capacity 85598K, committed 85656K, reserved 1124352K
  class space    used 10644K, capacity 11419K, committed 11440K, reserved 1048576K
Event: 215.741 GC heap after
Heap after GC invocations=16 (full 3):
 PSYoungGen      total 321024K, used 12497K [0x00000000d5580000, 0x00000000ed380000, 0x0000000100000000)
  eden space 294912K, 0% used [0x00000000d5580000,0x00000000d5580000,0x00000000e7580000)
  from space 26112K, 47% used [0x00000000e7580000,0x00000000e81b4678,0x00000000e8f00000)
  to   space 25088K, 0% used [0x00000000ebb00000,0x00000000ebb00000,0x00000000ed380000)
 ParOldGen       total 173056K, used 64205K [0x0000000080000000, 0x000000008a900000, 0x00000000d5580000)
  object space 173056K, 37% used [0x0000000080000000,0x0000000083eb37a8,0x000000008a900000)
 Metaspace       used 81114K, capacity 85598K, committed 85656K, reserved 1124352K
  class space    used 10644K, capacity 11419K, committed 11440K, reserved 1048576K
}
Event: 298.373 GC heap before
{Heap before GC invocations=17 (full 3):
 PSYoungGen      total 321024K, used 307409K [0x00000000d5580000, 0x00000000ed380000, 0x0000000100000000)
  eden space 294912K, 100% used [0x00000000d5580000,0x00000000e7580000,0x00000000e7580000)
  from space 26112K, 47% used [0x00000000e7580000,0x00000000e81b4678,0x00000000e8f00000)
  to   space 25088K, 0% used [0x00000000ebb00000,0x00000000ebb00000,0x00000000ed380000)
 ParOldGen       total 173056K, used 64205K [0x0000000080000000, 0x000000008a900000, 0x00000000d5580000)
  object space 173056K, 37% used [0x0000000080000000,0x0000000083eb37a8,0x000000008a900000)
 Metaspace       used 81748K, capacity 86598K, committed 86808K, reserved 1124352K
  class space    used 10689K, capacity 11499K, committed 11568K, reserved 1048576K
Event: 298.392 GC heap after
Heap after GC invocations=17 (full 3):
 PSYoungGen      total 346112K, used 13363K [0x00000000d5580000, 0x00000000ec880000, 0x0000000100000000)
  eden space 332288K, 0% used [0x00000000d5580000,0x00000000d5580000,0x00000000e9a00000)
  from space 13824K, 96% used [0x00000000ebb00000,0x00000000ec80cca0,0x00000000ec880000)
  to   space 23552K, 0% used [0x00000000e9a80000,0x00000000e9a80000,0x00000000eb180000)
 ParOldGen       total 173056K, used 64213K [0x0000000080000000, 0x000000008a900000, 0x00000000d5580000)
  object space 173056K, 37% used [0x0000000080000000,0x0000000083eb57a8,0x000000008a900000)
 Metaspace       used 81748K, capacity 86598K, committed 86808K, reserved 1124352K
  class space    used 10689K, capacity 11499K, committed 11568K, reserved 1048576K
}
Event: 868.483 GC heap before
{Heap before GC invocations=18 (full 3):
 PSYoungGen      total 346112K, used 345651K [0x00000000d5580000, 0x00000000ec880000, 0x0000000100000000)
  eden space 332288K, 100% used [0x00000000d5580000,0x00000000e9a00000,0x00000000e9a00000)
  from space 13824K, 96% used [0x00000000ebb00000,0x00000000ec80cca0,0x00000000ec880000)
  to   space 23552K, 0% used [0x00000000e9a80000,0x00000000e9a80000,0x00000000eb180000)
 ParOldGen       total 173056K, used 64213K [0x0000000080000000, 0x000000008a900000, 0x00000000d5580000)
  object space 173056K, 37% used [0x0000000080000000,0x0000000083eb57a8,0x000000008a900000)
 Metaspace       used 92290K, capacity 97990K, committed 98072K, reserved 1134592K
  class space    used 12060K, capacity 13049K, committed 13104K, reserved 1048576K
Event: 868.499 GC heap after
Heap after GC invocations=18 (full 3):
 PSYoungGen      total 344064K, used 23541K [0x00000000d5580000, 0x00000000ec480000, 0x0000000100000000)
  eden space 320512K, 0% used [0x00000000d5580000,0x00000000d5580000,0x00000000e8e80000)
  from space 23552K, 99% used [0x00000000e9a80000,0x00000000eb17d440,0x00000000eb180000)
  to   space 19456K, 0% used [0x00000000eb180000,0x00000000eb180000,0x00000000ec480000)
 ParOldGen       total 173056K, used 66942K [0x0000000080000000, 0x000000008a900000, 0x00000000d5580000)
  object space 173056K, 38% used [0x0000000080000000,0x000000008415f938,0x000000008a900000)
 Metaspace       used 92290K, capacity 97990K, committed 98072K, reserved 1134592K
  class space    used 12060K, capacity 13049K, committed 13104K, reserved 1048576K
}
Event: 869.261 GC heap before
{Heap before GC invocations=19 (full 3):
 PSYoungGen      total 344064K, used 47093K [0x00000000d5580000, 0x00000000ec480000, 0x0000000100000000)
  eden space 320512K, 7% used [0x00000000d5580000,0x00000000d6c80360,0x00000000e8e80000)
  from space 23552K, 99% used [0x00000000e9a80000,0x00000000eb17d440,0x00000000eb180000)
  to   space 19456K, 0% used [0x00000000eb180000,0x00000000eb180000,0x00000000ec480000)
 ParOldGen       total 173056K, used 66942K [0x0000000080000000, 0x000000008a900000, 0x00000000d5580000)
  object space 173056K, 38% used [0x0000000080000000,0x000000008415f938,0x000000008a900000)
 Metaspace       used 92799K, capacity 98428K, committed 98584K, reserved 1134592K
  class space    used 12135K, capacity 13086K, committed 13104K, reserved 1048576K
Event: 869.272 GC heap after
Heap after GC invocations=19 (full 3):
 PSYoungGen      total 327168K, used 17442K [0x00000000d5580000, 0x00000000ec300000, 0x0000000100000000)
  eden space 309248K, 0% used [0x00000000d5580000,0x00000000d5580000,0x00000000e8380000)
  from space 17920K, 97% used [0x00000000eb180000,0x00000000ec288b48,0x00000000ec300000)
  to   space 27136K, 0% used [0x00000000e8e00000,0x00000000e8e00000,0x00000000ea880000)
 ParOldGen       total 173056K, used 71244K [0x0000000080000000, 0x000000008a900000, 0x00000000d5580000)
  object space 173056K, 41% used [0x0000000080000000,0x0000000084593140,0x000000008a900000)
 Metaspace       used 92799K, capacity 98428K, committed 98584K, reserved 1134592K
  class space    used 12135K, capacity 13086K, committed 13104K, reserved 1048576K
}
Event: 869.272 GC heap before
{Heap before GC invocations=20 (full 4):
 PSYoungGen      total 327168K, used 17442K [0x00000000d5580000, 0x00000000ec300000, 0x0000000100000000)
  eden space 309248K, 0% used [0x00000000d5580000,0x00000000d5580000,0x00000000e8380000)
  from space 17920K, 97% used [0x00000000eb180000,0x00000000ec288b48,0x00000000ec300000)
  to   space 27136K, 0% used [0x00000000e8e00000,0x00000000e8e00000,0x00000000ea880000)
 ParOldGen       total 173056K, used 71244K [0x0000000080000000, 0x000000008a900000, 0x00000000d5580000)
  object space 173056K, 41% used [0x0000000080000000,0x0000000084593140,0x000000008a900000)
 Metaspace       used 92799K, capacity 98428K, committed 98584K, reserved 1134592K
  class space    used 12135K, capacity 13086K, committed 13104K, reserved 1048576K
Event: 869.448 GC heap after
Heap after GC invocations=20 (full 4):
 PSYoungGen      total 327168K, used 0K [0x00000000d5580000, 0x00000000ec300000, 0x0000000100000000)
  eden space 309248K, 0% used [0x00000000d5580000,0x00000000d5580000,0x00000000e8380000)
  from space 17920K, 0% used [0x00000000eb180000,0x00000000eb180000,0x00000000ec300000)
  to   space 27136K, 0% used [0x00000000e8e00000,0x00000000e8e00000,0x00000000ea880000)
 ParOldGen       total 246784K, used 61187K [0x0000000080000000, 0x000000008f100000, 0x00000000d5580000)
  object space 246784K, 24% used [0x0000000080000000,0x0000000083bc0de0,0x000000008f100000)
 Metaspace       used 92554K, capacity 97764K, committed 98584K, reserved 1134592K
  class space    used 12060K, capacity 12969K, committed 13104K, reserved 1048576K
}

