# JRE version: OpenJDK Runtime Environment (8.0_242-b01) (build 1.8.0_242-release-1644-b01)
# Java VM: OpenJDK 64-Bit Server VM (25.242-b01 mixed mode windows-amd64 compressed oops)
Heap:
 PSYoungGen      total 157696K, used 113905K [0x00000000d5580000, 0x00000000e3200000, 0x0000000100000000)
  eden space 97792K, 92% used [0x00000000d5580000,0x00000000dad9d1f0,0x00000000db500000)
  from space 59904K, 39% used [0x00000000df780000,0x00000000e0e9f3a0,0x00000000e3200000)
  to   space 64000K, 0% used [0x00000000db500000,0x00000000db500000,0x00000000df380000)
 ParOldGen       total 204288K, used 92893K [0x0000000080000000, 0x000000008c780000, 0x00000000d5580000)
  object space 204288K, 45% used [0x0000000080000000,0x0000000085ab76b0,0x000000008c780000)
 Metaspace       used 106103K, capacity 114928K, committed 114984K, reserved 1148928K
  class space    used 13778K, capacity 15408K, committed 15408K, reserved 1048576K
GC Heap History (10 events):
Event: 29796.384 GC heap before
{Heap before GC invocations=86 (full 4):
 PSYoungGen      total 115200K, used 115093K [0x00000000d5580000, 0x00000000df600000, 0x0000000100000000)
  eden space 84992K, 99% used [0x00000000d5580000,0x00000000da866090,0x00000000da880000)
  from space 30208K, 99% used [0x00000000da880000,0x00000000dc5ff6e8,0x00000000dc600000)
  to   space 34816K, 0% used [0x00000000dd400000,0x00000000dd400000,0x00000000df600000)
 ParOldGen       total 204288K, used 48394K [0x0000000080000000, 0x000000008c780000, 0x00000000d5580000)
  object space 204288K, 23% used [0x0000000080000000,0x0000000082f42b88,0x000000008c780000)
 Metaspace       used 104815K, capacity 113518K, committed 113832K, reserved 1148928K
  class space    used 13619K, capacity 15208K, committed 15280K, reserved 1048576K
Event: 29796.455 GC heap after
Heap after GC invocations=86 (full 4):
 PSYoungGen      total 117760K, used 34815K [0x00000000d5580000, 0x00000000e0f80000, 0x0000000100000000)
  eden space 82944K, 0% used [0x00000000d5580000,0x00000000d5580000,0x00000000da680000)
  from space 34816K, 99% used [0x00000000dd400000,0x00000000df5ffe08,0x00000000df600000)
  to   space 46592K, 0% used [0x00000000da680000,0x00000000da680000,0x00000000dd400000)
 ParOldGen       total 204288K, used 64361K [0x0000000080000000, 0x000000008c780000, 0x00000000d5580000)
  object space 204288K, 31% used [0x0000000080000000,0x0000000083eda6b8,0x000000008c780000)
 Metaspace       used 104815K, capacity 113518K, committed 113832K, reserved 1148928K
  class space    used 13619K, capacity 15208K, committed 15280K, reserved 1048576K
}
Event: 29797.295 GC heap before
{Heap before GC invocations=87 (full 4):
 PSYoungGen      total 117760K, used 115689K [0x00000000d5580000, 0x00000000e0f80000, 0x0000000100000000)
  eden space 82944K, 97% used [0x00000000d5580000,0x00000000da47a778,0x00000000da680000)
  from space 34816K, 99% used [0x00000000dd400000,0x00000000df5ffe08,0x00000000df600000)
  to   space 46592K, 0% used [0x00000000da680000,0x00000000da680000,0x00000000dd400000)
 ParOldGen       total 204288K, used 64361K [0x0000000080000000, 0x000000008c780000, 0x00000000d5580000)
  object space 204288K, 31% used [0x0000000080000000,0x0000000083eda6b8,0x000000008c780000)
 Metaspace       used 105012K, capacity 113722K, committed 113832K, reserved 1148928K
  class space    used 13620K, capacity 15210K, committed 15280K, reserved 1048576K
Event: 29797.327 GC heap after
Heap after GC invocations=87 (full 4):
 PSYoungGen      total 129536K, used 27982K [0x00000000d5580000, 0x00000000e0e80000, 0x0000000100000000)
  eden space 82944K, 0% used [0x00000000d5580000,0x00000000d5580000,0x00000000da680000)
  from space 46592K, 60% used [0x00000000da680000,0x00000000dc1d3898,0x00000000dd400000)
  to   space 47104K, 0% used [0x00000000de080000,0x00000000de080000,0x00000000e0e80000)
 ParOldGen       total 204288K, used 66612K [0x0000000080000000, 0x000000008c780000, 0x00000000d5580000)
  object space 204288K, 32% used [0x0000000080000000,0x000000008410d100,0x000000008c780000)
 Metaspace       used 105012K, capacity 113722K, committed 113832K, reserved 1148928K
  class space    used 13620K, capacity 15210K, committed 15280K, reserved 1048576K
}
Event: 29798.059 GC heap before
{Heap before GC invocations=88 (full 4):
 PSYoungGen      total 129536K, used 110926K [0x00000000d5580000, 0x00000000e0e80000, 0x0000000100000000)
  eden space 82944K, 100% used [0x00000000d5580000,0x00000000da680000,0x00000000da680000)
  from space 46592K, 60% used [0x00000000da680000,0x00000000dc1d3898,0x00000000dd400000)
  to   space 47104K, 0% used [0x00000000de080000,0x00000000de080000,0x00000000e0e80000)
 ParOldGen       total 204288K, used 66612K [0x0000000080000000, 0x000000008c780000, 0x00000000d5580000)
  object space 204288K, 32% used [0x0000000080000000,0x000000008410d100,0x000000008c780000)
 Metaspace       used 105030K, capacity 113730K, committed 113832K, reserved 1148928K
  class space    used 13620K, capacity 15210K, committed 15280K, reserved 1048576K
Event: 29798.134 GC heap after
Heap after GC invocations=88 (full 4):
 PSYoungGen      total 131072K, used 47080K [0x00000000d5580000, 0x00000000e2600000, 0x0000000100000000)
  eden space 83968K, 0% used [0x00000000d5580000,0x00000000d5580000,0x00000000da780000)
  from space 47104K, 99% used [0x00000000de080000,0x00000000e0e7a098,0x00000000e0e80000)
  to   space 58368K, 0% used [0x00000000da780000,0x00000000da780000,0x00000000de080000)
 ParOldGen       total 204288K, used 76051K [0x0000000080000000, 0x000000008c780000, 0x00000000d5580000)
  object space 204288K, 37% used [0x0000000080000000,0x0000000084a44d98,0x000000008c780000)
 Metaspace       used 105030K, capacity 113730K, committed 113832K, reserved 1148928K
  class space    used 13620K, capacity 15210K, committed 15280K, reserved 1048576K
}
Event: 29798.898 GC heap before
{Heap before GC invocations=89 (full 4):
 PSYoungGen      total 131072K, used 128469K [0x00000000d5580000, 0x00000000e2600000, 0x0000000100000000)
  eden space 83968K, 96% used [0x00000000d5580000,0x00000000da4fb6e0,0x00000000da780000)
  from space 47104K, 99% used [0x00000000de080000,0x00000000e0e7a098,0x00000000e0e80000)
  to   space 58368K, 0% used [0x00000000da780000,0x00000000da780000,0x00000000de080000)
 ParOldGen       total 204288K, used 76051K [0x0000000080000000, 0x000000008c780000, 0x00000000d5580000)
  object space 204288K, 37% used [0x0000000080000000,0x0000000084a44d98,0x000000008c780000)
 Metaspace       used 105042K, capacity 113730K, committed 113832K, reserved 1148928K
  class space    used 13620K, capacity 15210K, committed 15280K, reserved 1048576K
Event: 29798.975 GC heap after
Heap after GC invocations=89 (full 4):
 PSYoungGen      total 142336K, used 57244K [0x00000000d5580000, 0x00000000e3980000, 0x0000000100000000)
  eden space 83968K, 0% used [0x00000000d5580000,0x00000000d5580000,0x00000000da780000)
  from space 58368K, 98% used [0x00000000da780000,0x00000000ddf67360,0x00000000de080000)
  to   space 67584K, 0% used [0x00000000df780000,0x00000000df780000,0x00000000e3980000)
 ParOldGen       total 204288K, used 77748K [0x0000000080000000, 0x000000008c780000, 0x00000000d5580000)
  object space 204288K, 38% used [0x0000000080000000,0x0000000084bed010,0x000000008c780000)
 Metaspace       used 105042K, capacity 113730K, committed 113832K, reserved 1148928K
  class space    used 13620K, capacity 15210K, committed 15280K, reserved 1048576K
}
Event: 29821.540 GC heap before
{Heap before GC invocations=90 (full 4):
 PSYoungGen      total 142336K, used 141212K [0x00000000d5580000, 0x00000000e3980000, 0x0000000100000000)
  eden space 83968K, 100% used [0x00000000d5580000,0x00000000da780000,0x00000000da780000)
  from space 58368K, 98% used [0x00000000da780000,0x00000000ddf67360,0x00000000de080000)
  to   space 67584K, 0% used [0x00000000df780000,0x00000000df780000,0x00000000e3980000)
 ParOldGen       total 204288K, used 77748K [0x0000000080000000, 0x000000008c780000, 0x00000000d5580000)
  object space 204288K, 38% used [0x0000000080000000,0x0000000084bed010,0x000000008c780000)
 Metaspace       used 106090K, capacity 114858K, committed 114984K, reserved 1148928K
  class space    used 13777K, capacity 15407K, committed 15408K, reserved 1048576K
Event: 29821.569 GC heap after
Heap after GC invocations=90 (full 4):
 PSYoungGen      total 157696K, used 23676K [0x00000000d5580000, 0x00000000e3200000, 0x0000000100000000)
  eden space 97792K, 0% used [0x00000000d5580000,0x00000000d5580000,0x00000000db500000)
  from space 59904K, 39% used [0x00000000df780000,0x00000000e0e9f3a0,0x00000000e3200000)
  to   space 64000K, 0% used [0x00000000db500000,0x00000000db500000,0x00000000df380000)
 ParOldGen       total 204288K, used 92893K [0x0000000080000000, 0x000000008c780000, 0x00000000d5580000)
  object space 204288K, 45% used [0x0000000080000000,0x0000000085ab76b0,0x000000008c780000)
 Metaspace       used 106090K, capacity 114858K, committed 114984K, reserved 1148928K
  class space    used 13777K, capacity 15407K, committed 15408K, reserved 1048576K
}

